[debug] [2025-05-21T06:22:26.056Z] ----------------------------------------------------------------------
[debug] [2025-05-21T06:22:26.060Z] Command:       C:\Program Files\nodejs\node.exe C:\Users\souvi\AppData\Roaming\npm\node_modules\firebase-tools\lib\bin\firebase.js init
[debug] [2025-05-21T06:22:26.061Z] CLI Version:   14.4.0
[debug] [2025-05-21T06:22:26.061Z] Platform:      win32
[debug] [2025-05-21T06:22:26.061Z] Node Version:  v22.14.0
[debug] [2025-05-21T06:22:26.062Z] Time:          Wed May 21 2025 11:52:26 GMT+0530 (India Standard Time)
[debug] [2025-05-21T06:22:26.062Z] ----------------------------------------------------------------------
[debug] 
[debug] [2025-05-21T06:22:26.337Z] > command requires scopes: ["email","openid","https://www.googleapis.com/auth/cloudplatformprojects.readonly","https://www.googleapis.com/auth/firebase","https://www.googleapis.com/auth/cloud-platform"]
[debug] [2025-05-21T06:22:26.337Z] > authorizing via signed-in user (souvikpatra066@gmail.com)
[info] 
     ######## #### ########  ######## ########     ###     ######  ########
     ##        ##  ##     ## ##       ##     ##  ##   ##  ##       ##
     ######    ##  ########  ######   ########  #########  ######  ######
     ##        ##  ##    ##  ##       ##     ## ##     ##       ## ##
     ##       #### ##     ## ######## ########  ##     ##  ######  ########

You're about to initialize a Firebase project in this directory:

  E:\React

Before we get started, keep in mind:

  * You are initializing within an existing Firebase project directory

[info] 
=== Project Setup
[info] 
[info] First, let's associate this project directory with a Firebase project.
[info] You can create multiple project aliases by running firebase use --add, 
[info] but for now we'll just set up a default project.
[info] 
[debug] [2025-05-21T06:22:38.015Z] Using project from CLI flag: atlantean-house-453802-t5
[debug] [2025-05-21T06:22:38.017Z] Checked if tokens are valid: true, expires at: 1747812012957
[debug] [2025-05-21T06:22:38.017Z] Checked if tokens are valid: true, expires at: 1747812012957
[debug] [2025-05-21T06:22:38.019Z] >>> [apiv2][query] GET https://firebase.googleapis.com/v1beta1/projects/atlantean-house-453802-t5 [none]
[debug] [2025-05-21T06:22:38.830Z] <<< [apiv2][status] GET https://firebase.googleapis.com/v1beta1/projects/atlantean-house-453802-t5 403
[debug] [2025-05-21T06:22:38.830Z] <<< [apiv2][body] GET https://firebase.googleapis.com/v1beta1/projects/atlantean-house-453802-t5 {"error":{"code":403,"message":"The caller does not have permission","status":"PERMISSION_DENIED"}}
[debug] [2025-05-21T06:22:38.831Z] Request to https://firebase.googleapis.com/v1beta1/projects/atlantean-house-453802-t5 had HTTP Error: 403, The caller does not have permission
[debug] [2025-05-21T06:22:38.833Z] FirebaseError: Request to https://firebase.googleapis.com/v1beta1/projects/atlantean-house-453802-t5 had HTTP Error: 403, The caller does not have permission
    at responseToError (C:\Users\souvi\AppData\Roaming\npm\node_modules\firebase-tools\lib\responseToError.js:52:12)
    at RetryOperation._fn (C:\Users\souvi\AppData\Roaming\npm\node_modules\firebase-tools\lib\apiv2.js:312:77)
    at process.processTicksAndRejections (node:internal/process/task_queues:105:5)
[error] 
[error] Error: Failed to get Firebase project atlantean-house-453802-t5. Please make sure the project exists and your account has permission to access it.
[debug] [2025-05-21T06:23:36.016Z] ----------------------------------------------------------------------
[debug] [2025-05-21T06:23:36.020Z] Command:       C:\Program Files\nodejs\node.exe C:\Users\souvi\AppData\Roaming\npm\node_modules\firebase-tools\lib\bin\firebase.js use --add
[debug] [2025-05-21T06:23:36.020Z] CLI Version:   14.4.0
[debug] [2025-05-21T06:23:36.021Z] Platform:      win32
[debug] [2025-05-21T06:23:36.021Z] Node Version:  v22.14.0
[debug] [2025-05-21T06:23:36.021Z] Time:          Wed May 21 2025 11:53:36 GMT+0530 (India Standard Time)
[debug] [2025-05-21T06:23:36.022Z] ----------------------------------------------------------------------
[debug] 
[debug] [2025-05-21T06:23:36.302Z] > command requires scopes: ["email","openid","https://www.googleapis.com/auth/cloudplatformprojects.readonly","https://www.googleapis.com/auth/firebase","https://www.googleapis.com/auth/cloud-platform"]
[debug] [2025-05-21T06:23:36.303Z] > authorizing via signed-in user (souvikpatra066@gmail.com)
[debug] [2025-05-21T06:23:36.305Z] Checked if tokens are valid: true, expires at: 1747812012957
[debug] [2025-05-21T06:23:36.305Z] Checked if tokens are valid: true, expires at: 1747812012957
[debug] [2025-05-21T06:23:36.307Z] >>> [apiv2][query] GET https://firebase.googleapis.com/v1beta1/projects pageSize=1000
[debug] [2025-05-21T06:23:37.306Z] <<< [apiv2][status] GET https://firebase.googleapis.com/v1beta1/projects 200
[debug] [2025-05-21T06:23:37.306Z] <<< [apiv2][body] GET https://firebase.googleapis.com/v1beta1/projects [omitted]
